{"/Users/devos/git/mammothjs/mammoth-extensions/lib/images/constants.js": {"path":"/Users/devos/git/mammothjs/mammoth-extensions/lib/images/constants.js","statementMap":{"0":{"start":{"line":1,"column":26},"end":{"line":1,"column":63}},"1":{"start":{"line":2,"column":23},"end":{"line":2,"column":39}},"2":{"start":{"line":4,"column":0},"end":{"line":7,"column":2}}},"fnMap":{},"branchMap":{},"s":{"0":1,"1":1,"2":1},"f":{},"b":{},"_coverageSchema":"1a1c01bbd47fc00a2c39e90264f33305004495a9","hash":"04035c260fc4a3312195d3c757086227b934a892"}
,"/Users/devos/git/mammothjs/mammoth-extensions/lib/images/index.js": {"path":"/Users/devos/git/mammothjs/mammoth-extensions/lib/images/index.js","statementMap":{"0":{"start":{"line":1,"column":11},"end":{"line":1,"column":33}},"1":{"start":{"line":2,"column":13},"end":{"line":2,"column":28}},"2":{"start":{"line":3,"column":14},"end":{"line":3,"column":30}},"3":{"start":{"line":4,"column":14},"end":{"line":4,"column":47}},"4":{"start":{"line":5,"column":24},"end":{"line":5,"column":45}},"5":{"start":{"line":6,"column":46},"end":{"line":6,"column":68}},"6":{"start":{"line":10,"column":8},"end":{"line":10,"column":31}},"7":{"start":{"line":14,"column":26},"end":{"line":14,"column":43}},"8":{"start":{"line":15,"column":8},"end":{"line":15,"column":66}},"9":{"start":{"line":17,"column":8},"end":{"line":57,"column":9}},"10":{"start":{"line":18,"column":12},"end":{"line":18,"column":53}},"11":{"start":{"line":27,"column":16},"end":{"line":27,"column":23}},"12":{"start":{"line":29,"column":30},"end":{"line":29,"column":60}},"13":{"start":{"line":30,"column":12},"end":{"line":30,"column":59}},"14":{"start":{"line":32,"column":12},"end":{"line":34,"column":13}},"15":{"start":{"line":33,"column":16},"end":{"line":33,"column":77}},"16":{"start":{"line":36,"column":30},"end":{"line":36,"column":60}},"17":{"start":{"line":37,"column":12},"end":{"line":37,"column":60}},"18":{"start":{"line":39,"column":29},"end":{"line":39,"column":64}},"19":{"start":{"line":40,"column":12},"end":{"line":40,"column":47}},"20":{"start":{"line":42,"column":34},"end":{"line":46,"column":18}},"21":{"start":{"line":48,"column":12},"end":{"line":48,"column":81}},"22":{"start":{"line":50,"column":28},"end":{"line":50,"column":45}},"23":{"start":{"line":51,"column":12},"end":{"line":51,"column":76}},"24":{"start":{"line":53,"column":12},"end":{"line":53,"column":29}},"25":{"start":{"line":55,"column":12},"end":{"line":55,"column":55}},"26":{"start":{"line":56,"column":12},"end":{"line":56,"column":73}},"27":{"start":{"line":61,"column":8},"end":{"line":63,"column":9}},"28":{"start":{"line":62,"column":12},"end":{"line":62,"column":54}},"29":{"start":{"line":65,"column":8},"end":{"line":67,"column":9}},"30":{"start":{"line":66,"column":12},"end":{"line":66,"column":91}},"31":{"start":{"line":69,"column":8},"end":{"line":71,"column":9}},"32":{"start":{"line":70,"column":12},"end":{"line":70,"column":121}},"33":{"start":{"line":75,"column":8},"end":{"line":75,"column":74}},"34":{"start":{"line":77,"column":8},"end":{"line":94,"column":9}},"35":{"start":{"line":80,"column":16},"end":{"line":80,"column":72}},"36":{"start":{"line":81,"column":16},"end":{"line":81,"column":22}},"37":{"start":{"line":83,"column":16},"end":{"line":83,"column":71}},"38":{"start":{"line":84,"column":16},"end":{"line":84,"column":22}},"39":{"start":{"line":86,"column":16},"end":{"line":86,"column":72}},"40":{"start":{"line":87,"column":16},"end":{"line":87,"column":22}},"41":{"start":{"line":90,"column":16},"end":{"line":90,"column":54}},"42":{"start":{"line":91,"column":16},"end":{"line":91,"column":22}},"43":{"start":{"line":93,"column":16},"end":{"line":93,"column":65}},"44":{"start":{"line":97,"column":8},"end":{"line":97,"column":50}},"45":{"start":{"line":101,"column":22},"end":{"line":101,"column":46}},"46":{"start":{"line":102,"column":8},"end":{"line":102,"column":58}},"47":{"start":{"line":104,"column":8},"end":{"line":106,"column":9}},"48":{"start":{"line":105,"column":12},"end":{"line":105,"column":55}},"49":{"start":{"line":109,"column":8},"end":{"line":109,"column":42}},"50":{"start":{"line":113,"column":0},"end":{"line":115,"column":2}},"51":{"start":{"line":114,"column":4},"end":{"line":114,"column":39}}},"fnMap":{"0":{"name":"(anonymous_0)","decl":{"start":{"line":9,"column":4},"end":{"line":9,"column":5}},"loc":{"start":{"line":9,"column":25},"end":{"line":11,"column":5}},"line":9},"1":{"name":"(anonymous_1)","decl":{"start":{"line":13,"column":4},"end":{"line":13,"column":5}},"loc":{"start":{"line":13,"column":50},"end":{"line":58,"column":5}},"line":13},"2":{"name":"(anonymous_2)","decl":{"start":{"line":60,"column":4},"end":{"line":60,"column":5}},"loc":{"start":{"line":60,"column":35},"end":{"line":72,"column":5}},"line":60},"3":{"name":"(anonymous_3)","decl":{"start":{"line":74,"column":4},"end":{"line":74,"column":5}},"loc":{"start":{"line":74,"column":68},"end":{"line":98,"column":5}},"line":74},"4":{"name":"(anonymous_4)","decl":{"start":{"line":100,"column":4},"end":{"line":100,"column":5}},"loc":{"start":{"line":100,"column":41},"end":{"line":110,"column":5}},"line":100},"5":{"name":"(anonymous_5)","decl":{"start":{"line":113,"column":17},"end":{"line":113,"column":18}},"loc":{"start":{"line":113,"column":35},"end":{"line":115,"column":1}},"line":113}},"branchMap":{"0":{"loc":{"start":{"line":13,"column":36},"end":{"line":13,"column":48}},"type":"default-arg","locations":[{"start":{"line":13,"column":46},"end":{"line":13,"column":48}}],"line":13},"1":{"loc":{"start":{"line":21,"column":16},"end":{"line":21,"column":38}},"type":"default-arg","locations":[{"start":{"line":21,"column":28},"end":{"line":21,"column":38}}],"line":21},"2":{"loc":{"start":{"line":22,"column":16},"end":{"line":22,"column":28}},"type":"default-arg","locations":[{"start":{"line":22,"column":26},"end":{"line":22,"column":28}}],"line":22},"3":{"loc":{"start":{"line":23,"column":16},"end":{"line":23,"column":27}},"type":"default-arg","locations":[{"start":{"line":23,"column":24},"end":{"line":23,"column":27}}],"line":23},"4":{"loc":{"start":{"line":24,"column":16},"end":{"line":24,"column":28}},"type":"default-arg","locations":[{"start":{"line":24,"column":25},"end":{"line":24,"column":28}}],"line":24},"5":{"loc":{"start":{"line":25,"column":16},"end":{"line":25,"column":31}},"type":"default-arg","locations":[{"start":{"line":25,"column":25},"end":{"line":25,"column":31}}],"line":25},"6":{"loc":{"start":{"line":32,"column":12},"end":{"line":34,"column":13}},"type":"if","locations":[{"start":{"line":32,"column":12},"end":{"line":34,"column":13}},{"start":{},"end":{}}],"line":32},"7":{"loc":{"start":{"line":61,"column":8},"end":{"line":63,"column":9}},"type":"if","locations":[{"start":{"line":61,"column":8},"end":{"line":63,"column":9}},{"start":{},"end":{}}],"line":61},"8":{"loc":{"start":{"line":65,"column":8},"end":{"line":67,"column":9}},"type":"if","locations":[{"start":{"line":65,"column":8},"end":{"line":67,"column":9}},{"start":{},"end":{}}],"line":65},"9":{"loc":{"start":{"line":69,"column":8},"end":{"line":71,"column":9}},"type":"if","locations":[{"start":{"line":69,"column":8},"end":{"line":71,"column":9}},{"start":{},"end":{}}],"line":69},"10":{"loc":{"start":{"line":69,"column":12},"end":{"line":69,"column":73}},"type":"binary-expr","locations":[{"start":{"line":69,"column":12},"end":{"line":69,"column":26}},{"start":{"line":69,"column":30},"end":{"line":69,"column":73}}],"line":69},"11":{"loc":{"start":{"line":77,"column":8},"end":{"line":94,"column":9}},"type":"switch","locations":[{"start":{"line":78,"column":12},"end":{"line":78,"column":24}},{"start":{"line":79,"column":12},"end":{"line":81,"column":22}},{"start":{"line":82,"column":12},"end":{"line":84,"column":22}},{"start":{"line":85,"column":12},"end":{"line":87,"column":22}},{"start":{"line":88,"column":12},"end":{"line":91,"column":22}},{"start":{"line":92,"column":12},"end":{"line":93,"column":65}}],"line":77},"12":{"loc":{"start":{"line":104,"column":8},"end":{"line":106,"column":9}},"type":"if","locations":[{"start":{"line":104,"column":8},"end":{"line":106,"column":9}},{"start":{},"end":{}}],"line":104}},"s":{"0":1,"1":1,"2":1,"3":1,"4":1,"5":1,"6":5,"7":3,"8":3,"9":3,"10":3,"11":1,"12":1,"13":1,"14":1,"15":0,"16":1,"17":1,"18":1,"19":1,"20":1,"21":1,"22":1,"23":1,"24":1,"25":2,"26":2,"27":3,"28":0,"29":3,"30":1,"31":2,"32":1,"33":1,"34":1,"35":1,"36":1,"37":0,"38":0,"39":0,"40":0,"41":0,"42":0,"43":0,"44":1,"45":1,"46":1,"47":1,"48":0,"49":1,"50":1,"51":5},"f":{"0":5,"1":3,"2":3,"3":1,"4":1,"5":5},"b":{"0":[0],"1":[0],"2":[1],"3":[1],"4":[1],"5":[1],"6":[0,1],"7":[0,3],"8":[1,2],"9":[1,1],"10":[2,1],"11":[1,1,0,0,0,0],"12":[0,1]},"_coverageSchema":"1a1c01bbd47fc00a2c39e90264f33305004495a9","hash":"98805ab5d0f8ca64cb1af69866d8d51e35f77f40"}
,"/Users/devos/git/mammothjs/mammoth-extensions/lib/images/shape-converter.js": {"path":"/Users/devos/git/mammothjs/mammoth-extensions/lib/images/shape-converter.js","statementMap":{"0":{"start":{"line":1,"column":24},"end":{"line":1,"column":41}},"1":{"start":{"line":2,"column":13},"end":{"line":2,"column":28}},"2":{"start":{"line":3,"column":17},"end":{"line":3,"column":44}},"3":{"start":{"line":7,"column":2},"end":{"line":7,"column":44}},"4":{"start":{"line":10,"column":16},"end":{"line":14,"column":1}},"5":{"start":{"line":17,"column":2},"end":{"line":17,"column":58}},"6":{"start":{"line":17,"column":35},"end":{"line":17,"column":58}},"7":{"start":{"line":18,"column":18},"end":{"line":18,"column":32}},"8":{"start":{"line":19,"column":2},"end":{"line":21,"column":3}},"9":{"start":{"line":20,"column":4},"end":{"line":20,"column":23}},"10":{"start":{"line":22,"column":2},"end":{"line":24,"column":3}},"11":{"start":{"line":23,"column":4},"end":{"line":23,"column":29}},"12":{"start":{"line":25,"column":2},"end":{"line":25,"column":25}},"13":{"start":{"line":29,"column":40},"end":{"line":29,"column":47}},"14":{"start":{"line":31,"column":2},"end":{"line":33,"column":3}},"15":{"start":{"line":32,"column":4},"end":{"line":32,"column":46}},"16":{"start":{"line":38,"column":2},"end":{"line":47,"column":3}},"17":{"start":{"line":39,"column":4},"end":{"line":39,"column":39}},"18":{"start":{"line":40,"column":4},"end":{"line":44,"column":7}},"19":{"start":{"line":46,"column":4},"end":{"line":46,"column":62}},"20":{"start":{"line":50,"column":17},"end":{"line":50,"column":38}},"21":{"start":{"line":53,"column":2},"end":{"line":55,"column":3}},"22":{"start":{"line":54,"column":4},"end":{"line":54,"column":46}},"23":{"start":{"line":58,"column":2},"end":{"line":63,"column":3}},"24":{"start":{"line":59,"column":23},"end":{"line":59,"column":57}},"25":{"start":{"line":60,"column":4},"end":{"line":60,"column":61}},"26":{"start":{"line":62,"column":4},"end":{"line":62,"column":64}},"27":{"start":{"line":67,"column":2},"end":{"line":74,"column":3}},"28":{"start":{"line":69,"column":6},"end":{"line":69,"column":37}},"29":{"start":{"line":71,"column":6},"end":{"line":71,"column":43}},"30":{"start":{"line":73,"column":6},"end":{"line":73,"column":50}},"31":{"start":{"line":78,"column":17},"end":{"line":78,"column":29}},"32":{"start":{"line":79,"column":2},"end":{"line":81,"column":3}},"33":{"start":{"line":80,"column":4},"end":{"line":80,"column":45}},"34":{"start":{"line":82,"column":16},"end":{"line":82,"column":33}},"35":{"start":{"line":83,"column":20},"end":{"line":83,"column":48}},"36":{"start":{"line":84,"column":22},"end":{"line":84,"column":49}},"37":{"start":{"line":85,"column":22},"end":{"line":85,"column":47}},"38":{"start":{"line":86,"column":16},"end":{"line":86,"column":32}},"39":{"start":{"line":88,"column":2},"end":{"line":93,"column":6}},"40":{"start":{"line":97,"column":18},"end":{"line":97,"column":37}},"41":{"start":{"line":98,"column":22},"end":{"line":98,"column":47}},"42":{"start":{"line":99,"column":16},"end":{"line":99,"column":39}},"43":{"start":{"line":100,"column":2},"end":{"line":102,"column":3}},"44":{"start":{"line":101,"column":4},"end":{"line":101,"column":51}},"45":{"start":{"line":104,"column":15},"end":{"line":104,"column":30}},"46":{"start":{"line":105,"column":19},"end":{"line":105,"column":38}},"47":{"start":{"line":106,"column":20},"end":{"line":106,"column":46}},"48":{"start":{"line":107,"column":2},"end":{"line":107,"column":39}},"49":{"start":{"line":111,"column":2},"end":{"line":113,"column":3}},"50":{"start":{"line":112,"column":4},"end":{"line":112,"column":72}},"51":{"start":{"line":114,"column":2},"end":{"line":114,"column":70}},"52":{"start":{"line":118,"column":2},"end":{"line":123,"column":15}},"53":{"start":{"line":128,"column":2},"end":{"line":134,"column":4}},"54":{"start":{"line":137,"column":0},"end":{"line":141,"column":2}}},"fnMap":{"0":{"name":"stripPrefix","decl":{"start":{"line":6,"column":9},"end":{"line":6,"column":20}},"loc":{"start":{"line":6,"column":27},"end":{"line":8,"column":1}},"line":6},"1":{"name":"detectFormat","decl":{"start":{"line":16,"column":9},"end":{"line":16,"column":21}},"loc":{"start":{"line":16,"column":31},"end":{"line":26,"column":1}},"line":16},"2":{"name":"convertToSvg","decl":{"start":{"line":28,"column":15},"end":{"line":28,"column":27}},"loc":{"start":{"line":28,"column":50},"end":{"line":64,"column":1}},"line":28},"3":{"name":"convertByFormat","decl":{"start":{"line":66,"column":9},"end":{"line":66,"column":24}},"loc":{"start":{"line":66,"column":41},"end":{"line":75,"column":1}},"line":66},"4":{"name":"convertVmlToSvg","decl":{"start":{"line":77,"column":9},"end":{"line":77,"column":24}},"loc":{"start":{"line":77,"column":33},"end":{"line":94,"column":1}},"line":77},"5":{"name":"convertDrawingMlToSvg","decl":{"start":{"line":96,"column":9},"end":{"line":96,"column":30}},"loc":{"start":{"line":96,"column":39},"end":{"line":108,"column":1}},"line":96},"6":{"name":"convertPresetShape","decl":{"start":{"line":110,"column":9},"end":{"line":110,"column":27}},"loc":{"start":{"line":110,"column":36},"end":{"line":115,"column":1}},"line":110},"7":{"name":"wrapInSvg","decl":{"start":{"line":117,"column":9},"end":{"line":117,"column":18}},"loc":{"start":{"line":117,"column":43},"end":{"line":124,"column":1}},"line":117},"8":{"name":"createFallbackShape","decl":{"start":{"line":127,"column":9},"end":{"line":127,"column":28}},"loc":{"start":{"line":127,"column":44},"end":{"line":135,"column":1}},"line":127}},"branchMap":{"0":{"loc":{"start":{"line":17,"column":2},"end":{"line":17,"column":58}},"type":"if","locations":[{"start":{"line":17,"column":2},"end":{"line":17,"column":58}},{"start":{},"end":{}}],"line":17},"1":{"loc":{"start":{"line":19,"column":2},"end":{"line":21,"column":3}},"type":"if","locations":[{"start":{"line":19,"column":2},"end":{"line":21,"column":3}},{"start":{},"end":{}}],"line":19},"2":{"loc":{"start":{"line":22,"column":2},"end":{"line":24,"column":3}},"type":"if","locations":[{"start":{"line":22,"column":2},"end":{"line":24,"column":3}},{"start":{},"end":{}}],"line":22},"3":{"loc":{"start":{"line":28,"column":36},"end":{"line":28,"column":48}},"type":"default-arg","locations":[{"start":{"line":28,"column":46},"end":{"line":28,"column":48}}],"line":28},"4":{"loc":{"start":{"line":29,"column":10},"end":{"line":29,"column":21}},"type":"default-arg","locations":[{"start":{"line":29,"column":18},"end":{"line":29,"column":21}}],"line":29},"5":{"loc":{"start":{"line":29,"column":23},"end":{"line":29,"column":35}},"type":"default-arg","locations":[{"start":{"line":29,"column":32},"end":{"line":29,"column":35}}],"line":29},"6":{"loc":{"start":{"line":31,"column":2},"end":{"line":33,"column":3}},"type":"if","locations":[{"start":{"line":31,"column":2},"end":{"line":33,"column":3}},{"start":{},"end":{}}],"line":31},"7":{"loc":{"start":{"line":53,"column":2},"end":{"line":55,"column":3}},"type":"if","locations":[{"start":{"line":53,"column":2},"end":{"line":55,"column":3}},{"start":{},"end":{}}],"line":53},"8":{"loc":{"start":{"line":67,"column":2},"end":{"line":74,"column":3}},"type":"switch","locations":[{"start":{"line":68,"column":4},"end":{"line":69,"column":37}},{"start":{"line":70,"column":4},"end":{"line":71,"column":43}},{"start":{"line":72,"column":4},"end":{"line":73,"column":50}}],"line":67},"9":{"loc":{"start":{"line":79,"column":2},"end":{"line":81,"column":3}},"type":"if","locations":[{"start":{"line":79,"column":2},"end":{"line":81,"column":3}},{"start":{},"end":{}}],"line":79},"10":{"loc":{"start":{"line":79,"column":6},"end":{"line":79,"column":31}},"type":"binary-expr","locations":[{"start":{"line":79,"column":6},"end":{"line":79,"column":13}},{"start":{"line":79,"column":17},"end":{"line":79,"column":31}}],"line":79},"11":{"loc":{"start":{"line":82,"column":16},"end":{"line":82,"column":33}},"type":"binary-expr","locations":[{"start":{"line":82,"column":16},"end":{"line":82,"column":27}},{"start":{"line":82,"column":31},"end":{"line":82,"column":33}}],"line":82},"12":{"loc":{"start":{"line":83,"column":20},"end":{"line":83,"column":48}},"type":"binary-expr","locations":[{"start":{"line":83,"column":20},"end":{"line":83,"column":35}},{"start":{"line":83,"column":39},"end":{"line":83,"column":48}}],"line":83},"13":{"loc":{"start":{"line":84,"column":22},"end":{"line":84,"column":49}},"type":"binary-expr","locations":[{"start":{"line":84,"column":22},"end":{"line":84,"column":39}},{"start":{"line":84,"column":43},"end":{"line":84,"column":49}}],"line":84},"14":{"loc":{"start":{"line":85,"column":22},"end":{"line":85,"column":47}},"type":"binary-expr","locations":[{"start":{"line":85,"column":22},"end":{"line":85,"column":40}},{"start":{"line":85,"column":44},"end":{"line":85,"column":47}}],"line":85},"15":{"loc":{"start":{"line":86,"column":16},"end":{"line":86,"column":32}},"type":"binary-expr","locations":[{"start":{"line":86,"column":16},"end":{"line":86,"column":26}},{"start":{"line":86,"column":30},"end":{"line":86,"column":32}}],"line":86},"16":{"loc":{"start":{"line":100,"column":2},"end":{"line":102,"column":3}},"type":"if","locations":[{"start":{"line":100,"column":2},"end":{"line":102,"column":3}},{"start":{},"end":{}}],"line":100},"17":{"loc":{"start":{"line":106,"column":20},"end":{"line":106,"column":46}},"type":"binary-expr","locations":[{"start":{"line":106,"column":20},"end":{"line":106,"column":36}},{"start":{"line":106,"column":40},"end":{"line":106,"column":46}}],"line":106},"18":{"loc":{"start":{"line":111,"column":2},"end":{"line":113,"column":3}},"type":"if","locations":[{"start":{"line":111,"column":2},"end":{"line":113,"column":3}},{"start":{},"end":{}}],"line":111}},"s":{"0":1,"1":1,"2":1,"3":8,"4":1,"5":6,"6":0,"7":6,"8":6,"9":2,"10":4,"11":2,"12":2,"13":6,"14":6,"15":1,"16":5,"17":5,"18":5,"19":1,"20":4,"21":4,"22":2,"23":2,"24":2,"25":0,"26":2,"27":2,"28":1,"29":1,"30":0,"31":1,"32":1,"33":1,"34":0,"35":0,"36":0,"37":0,"38":0,"39":0,"40":1,"41":1,"42":1,"43":1,"44":1,"45":0,"46":0,"47":0,"48":0,"49":0,"50":0,"51":0,"52":2,"53":2,"54":1},"f":{"0":8,"1":6,"2":6,"3":2,"4":1,"5":1,"6":0,"7":2,"8":2},"b":{"0":[0,6],"1":[2,4],"2":[2,2],"3":[6],"4":[6],"5":[6],"6":[1,5],"7":[2,2],"8":[1,1,0],"9":[1,0],"10":[1,1],"11":[0,0],"12":[0,0],"13":[0,0],"14":[0,0],"15":[0,0],"16":[1,0],"17":[0,0],"18":[0,0]},"_coverageSchema":"1a1c01bbd47fc00a2c39e90264f33305004495a9","hash":"7bb4f5140034ee57e65bd04fa62bb0719ccdae4d"}
,"/Users/devos/git/mammothjs/mammoth-extensions/test/images/__fixtures__/shapes.js": {"path":"/Users/devos/git/mammothjs/mammoth-extensions/test/images/__fixtures__/shapes.js","statementMap":{"0":{"start":{"line":1,"column":20},"end":{"line":10,"column":1}},"1":{"start":{"line":12,"column":0},"end":{"line":12,"column":29}}},"fnMap":{},"branchMap":{},"s":{"0":1,"1":1},"f":{},"b":{},"_coverageSchema":"1a1c01bbd47fc00a2c39e90264f33305004495a9","hash":"cf3e33aa9de4181f799c4cfb6ea146c59359727a"}
}
