TN:
SF:lib/images/constants.js
FNF:0
FNH:0
DA:1,1
DA:2,1
DA:4,1
LF:3
LH:3
BRF:0
BRH:0
end_of_record
TN:
SF:lib/images/index.js
FN:9,(anonymous_0)
FN:13,(anonymous_1)
FN:60,(anonymous_2)
FN:74,(anonymous_3)
FN:100,(anonymous_4)
FN:113,(anonymous_5)
FNF:6
FNH:6
FNDA:5,(anonymous_0)
FNDA:3,(anonymous_1)
FNDA:3,(anonymous_2)
FNDA:1,(anonymous_3)
FNDA:1,(anonymous_4)
FNDA:5,(anonymous_5)
DA:1,1
DA:2,1
DA:3,1
DA:4,1
DA:5,1
DA:6,1
DA:10,5
DA:14,3
DA:15,3
DA:17,3
DA:18,3
DA:27,1
DA:29,1
DA:30,1
DA:32,1
DA:33,0
DA:36,1
DA:37,1
DA:39,1
DA:40,1
DA:42,1
DA:48,1
DA:50,1
DA:51,1
DA:53,1
DA:55,2
DA:56,2
DA:61,3
DA:62,0
DA:65,3
DA:66,1
DA:69,2
DA:70,1
DA:75,1
DA:77,1
DA:80,1
DA:81,1
DA:83,0
DA:84,0
DA:86,0
DA:87,0
DA:90,0
DA:91,0
DA:93,0
DA:97,1
DA:101,1
DA:102,1
DA:104,1
DA:105,0
DA:109,1
DA:113,1
DA:114,5
LF:52
LH:42
BRDA:13,0,0,0
BRDA:21,1,0,0
BRDA:22,2,0,1
BRDA:23,3,0,1
BRDA:24,4,0,1
BRDA:25,5,0,1
BRDA:32,6,0,0
BRDA:32,6,1,1
BRDA:61,7,0,0
BRDA:61,7,1,3
BRDA:65,8,0,1
BRDA:65,8,1,2
BRDA:69,9,0,1
BRDA:69,9,1,1
BRDA:69,10,0,2
BRDA:69,10,1,1
BRDA:77,11,0,1
BRDA:77,11,1,1
BRDA:77,11,2,0
BRDA:77,11,3,0
BRDA:77,11,4,0
BRDA:77,11,5,0
BRDA:104,12,0,0
BRDA:104,12,1,1
BRF:24
BRH:15
end_of_record
TN:
SF:lib/images/shape-converter.js
FN:6,stripPrefix
FN:16,detectFormat
FN:28,convertToSvg
FN:66,convertByFormat
FN:77,convertVmlToSvg
FN:96,convertDrawingMlToSvg
FN:110,convertPresetShape
FN:117,wrapInSvg
FN:127,createFallbackShape
FNF:9
FNH:8
FNDA:8,stripPrefix
FNDA:6,detectFormat
FNDA:6,convertToSvg
FNDA:2,convertByFormat
FNDA:1,convertVmlToSvg
FNDA:1,convertDrawingMlToSvg
FNDA:0,convertPresetShape
FNDA:2,wrapInSvg
FNDA:2,createFallbackShape
DA:1,1
DA:2,1
DA:3,1
DA:7,8
DA:10,1
DA:17,6
DA:18,6
DA:19,6
DA:20,2
DA:22,4
DA:23,2
DA:25,2
DA:29,6
DA:31,6
DA:32,1
DA:38,5
DA:39,5
DA:40,5
DA:46,1
DA:50,4
DA:53,4
DA:54,2
DA:58,2
DA:59,2
DA:60,0
DA:62,2
DA:67,2
DA:69,1
DA:71,1
DA:73,0
DA:78,1
DA:79,1
DA:80,1
DA:82,0
DA:83,0
DA:84,0
DA:85,0
DA:86,0
DA:88,0
DA:97,1
DA:98,1
DA:99,1
DA:100,1
DA:101,1
DA:104,0
DA:105,0
DA:106,0
DA:107,0
DA:111,0
DA:112,0
DA:114,0
DA:118,2
DA:128,2
DA:137,1
LF:54
LH:39
BRDA:17,0,0,0
BRDA:17,0,1,6
BRDA:19,1,0,2
BRDA:19,1,1,4
BRDA:22,2,0,2
BRDA:22,2,1,2
BRDA:28,3,0,6
BRDA:29,4,0,6
BRDA:29,5,0,6
BRDA:31,6,0,1
BRDA:31,6,1,5
BRDA:53,7,0,2
BRDA:53,7,1,2
BRDA:67,8,0,1
BRDA:67,8,1,1
BRDA:67,8,2,0
BRDA:79,9,0,1
BRDA:79,9,1,0
BRDA:79,10,0,1
BRDA:79,10,1,1
BRDA:82,11,0,0
BRDA:82,11,1,0
BRDA:83,12,0,0
BRDA:83,12,1,0
BRDA:84,13,0,0
BRDA:84,13,1,0
BRDA:85,14,0,0
BRDA:85,14,1,0
BRDA:86,15,0,0
BRDA:86,15,1,0
BRDA:100,16,0,1
BRDA:100,16,1,0
BRDA:106,17,0,0
BRDA:106,17,1,0
BRDA:111,18,0,0
BRDA:111,18,1,0
BRF:36
BRH:18
end_of_record
TN:
SF:test/images/__fixtures__/shapes.js
FNF:0
FNH:0
DA:1,1
DA:12,1
LF:2
LH:2
BRF:0
BRH:0
end_of_record
